<?xml version="1.0" encoding="UTF-8"?>
<!-- Generated by org.testng.reporters.JUnitXMLReporter -->
<testsuite ignored="0" hostname="LAPTOP-N9QM1A3E" failures="6" tests="7" name="Test" time="12.196" errors="0" timestamp="2022-10-07T09:27:26 EDT">
  <testcase classname="dsalgopages.Landingpage" name="LandingpageTitle" time="0.017"/>
  <testcase classname="dsalgopages.HomePage" name="verifytitle" time="3.019">
    <failure type="java.lang.AssertionError" message="expected [https://dsportalapp.herokuapp.com/] but found [https://dsportalapp.herokuapp.com/home]">
      <![CDATA[java.lang.AssertionError: expected [https://dsportalapp.herokuapp.com/] but found [https://dsportalapp.herokuapp.com/home]
at dsalgopages.HomePage.verifytitle(HomePage.java:54)
at java.base/java.util.ArrayList.forEach(ArrayList.java:1511)
... Removed 33 stack frames]]>
    </failure>
  </testcase> <!-- verifytitle -->
  <testcase classname="dsalgopages.RegisterPage" name="RegisterPageTitle" time="0.018">
    <failure type="java.lang.AssertionError" message="expected [https://dsportalapp.herokuapp.com/] but found [https://dsportalapp.herokuapp.com/register]">
      <![CDATA[java.lang.AssertionError: expected [https://dsportalapp.herokuapp.com/] but found [https://dsportalapp.herokuapp.com/register]
at dsalgopages.RegisterPage.RegisterPageTitle(RegisterPage.java:40)
at java.base/java.util.ArrayList.forEach(ArrayList.java:1511)
... Removed 33 stack frames]]>
    </failure>
  </testcase> <!-- RegisterPageTitle -->
  <testcase classname="dsalgopages.loginpage" name="loginpageTitle" time="0.012">
    <failure type="java.lang.AssertionError" message="expected [https://dsportalapp.herokuapp.com/] but found [https://dsportalapp.herokuapp.com/login]">
      <![CDATA[java.lang.AssertionError: expected [https://dsportalapp.herokuapp.com/] but found [https://dsportalapp.herokuapp.com/login]
at dsalgopages.loginpage.loginpageTitle(loginpage.java:30)
at java.base/java.util.ArrayList.forEach(ArrayList.java:1511)
... Removed 33 stack frames]]>
    </failure>
  </testcase> <!-- loginpageTitle -->
  <testcase classname="DataStructureTab.datastructurepage1" name="verifytitle" time="0.01">
    <failure type="java.lang.AssertionError" message="expected [Numpy Ninja] but found [https://dsportalapp.herokuapp.com/data-structures-introduction/]">
      <![CDATA[java.lang.AssertionError: expected [Numpy Ninja] but found [https://dsportalapp.herokuapp.com/data-structures-introduction/]
at DataStructureTab.datastructurepage1.verifytitle(datastructurepage1.java:25)
at java.base/java.util.ArrayList.forEach(ArrayList.java:1511)
... Removed 33 stack frames]]>
    </failure>
  </testcase> <!-- verifytitle -->
  <testcase classname="DataStructureTab.datastructurepage2" name="verifytitle" time="0.016">
    <failure type="java.lang.AssertionError" message="expected [Numpy Ninja] but found [https://dsportalapp.herokuapp.com/data-structures-introduction/time-complexity/]">
      <![CDATA[java.lang.AssertionError: expected [Numpy Ninja] but found [https://dsportalapp.herokuapp.com/data-structures-introduction/time-complexity/]
at DataStructureTab.datastructurepage2.verifytitle(datastructurepage2.java:35)
at java.base/java.util.ArrayList.forEach(ArrayList.java:1511)
... Removed 33 stack frames]]>
    </failure>
  </testcase> <!-- verifytitle -->
  <testcase classname="Arrays.arraypage1" name="RegisterPageTitle" time="0.009">
    <failure type="java.lang.AssertionError" message="expected [Numpy Ninja] but found [https://dsportalapp.herokuapp.com/array/]">
      <![CDATA[java.lang.AssertionError: expected [Numpy Ninja] but found [https://dsportalapp.herokuapp.com/array/]
at Arrays.arraypage1.RegisterPageTitle(arraypage1.java:40)
at java.base/java.util.ArrayList.forEach(ArrayList.java:1511)
... Removed 33 stack frames]]>
    </failure>
  </testcase> <!-- RegisterPageTitle -->
</testsuite> <!-- Test -->
